A Solution to your Wayland Wallpaper Woes

Usage: swww <COMMAND>

Commands:
  clear        Fills the specified outputs with the given color
  restore      Restores the last displayed image on the specified outputs
  clear-cache  Clears the swww cache
  img          Sends an image (or animated gif) for the daemon to display
  kill         Kills the daemon
  query        Asks the daemon to print output information (names and dimensions)
  help         Print this message or the help of the given subcommand(s)

Options:
  -h, --help     Print help (see more with '--help')
  -V, --version  Print version
         0ms [WARN]  failed to load cache: No such file or directory (os error 2)
     18363ms [INFO]  BumpPool with: 1 buffers. Size: 14400Kb
     18397ms [INFO]  BumpPool with: 2 buffers. Size: 28800Kb
     22602ms [WARN]  We failed to find wayland buffer with id: 16. This should be impossible.
     22602ms [WARN]  We failed to find wayland buffer with id: 18. This should be impossible.
     47117ms [INFO]  BumpPool with: 1 buffers. Size: 28800Kb
     47151ms [INFO]  BumpPool with: 2 buffers. Size: 28800Kb
     50321ms [WARN]  We failed to find wayland buffer with id: 10. This should be impossible.
     50321ms [WARN]  We failed to find wayland buffer with id: 16. This should be impossible.
     79171ms [INFO]  BumpPool with: 1 buffers. Size: 28800Kb
     79176ms [INFO]  BumpPool with: 2 buffers. Size: 28800Kb
     79182ms [INFO]  BumpPool with: 3 buffers. Size: 43200Kb
     79193ms [INFO]  BumpPool with: 4 buffers. Size: 57600Kb
     82180ms [WARN]  We failed to find wayland buffer with id: 10. This should be impossible.
     82180ms [WARN]  We failed to find wayland buffer with id: 16. This should be impossible.
     82180ms [WARN]  We failed to find wayland buffer with id: 18. This should be impossible.
     82180ms [WARN]  We failed to find wayland buffer with id: 21. This should be impossible.
     98855ms [INFO]  Removed socket at "/run/user/1000/wayland-1-swww-daemon..sock"
     98855ms [INFO]  Goodbye!
